<?xml version="1.0" encoding="UTF-8"?>
<testng-results skipped="0" failed="0" ignored="0" total="7" passed="7">
  <reporter-output>
  </reporter-output>
  <suite name="Default suite" duration-ms="22535" started-at="2018-08-29T00:46:34Z" finished-at="2018-08-29T00:46:57Z">
    <groups>
    </groups>
    <test name="Default test" duration-ms="22535" started-at="2018-08-29T00:46:34Z" finished-at="2018-08-29T00:46:57Z">
      <class name="Test.WikepediaTest">
        <test-method status="PASS" signature="setUp()[pri:0, instance:Test.WikepediaTest@146ba0ac]" name="setUp" is-config="true" duration-ms="6554" started-at="2018-08-29T00:46:34Z" finished-at="2018-08-29T00:46:41Z">
          <reporter-output>
          </reporter-output>
        </test-method> <!-- setUp -->
        <test-method status="PASS" signature="testPesquisaWike(java.lang.String)[pri:0, instance:Test.WikepediaTest@146ba0ac]" name="testPesquisaWike" duration-ms="2364" started-at="2018-08-29T00:46:41Z" data-provider="dbPaises" finished-at="2018-08-29T00:46:43Z">
          <params>
            <param index="0">
              <value>
                <![CDATA[Argentina]]>
              </value>
            </param>
          </params>
          <reporter-output>
          </reporter-output>
        </test-method> <!-- testPesquisaWike -->
        <test-method status="PASS" signature="testPesquisaWike(java.lang.String)[pri:0, instance:Test.WikepediaTest@146ba0ac]" name="testPesquisaWike" duration-ms="1810" started-at="2018-08-29T00:46:43Z" data-provider="dbPaises" finished-at="2018-08-29T00:46:45Z">
          <params>
            <param index="0">
              <value>
                <![CDATA[Brazil]]>
              </value>
            </param>
          </params>
          <reporter-output>
          </reporter-output>
        </test-method> <!-- testPesquisaWike -->
        <test-method status="PASS" signature="testPesquisaWike(java.lang.String)[pri:0, instance:Test.WikepediaTest@146ba0ac]" name="testPesquisaWike" duration-ms="1901" started-at="2018-08-29T00:46:45Z" data-provider="dbPaises" finished-at="2018-08-29T00:46:47Z">
          <params>
            <param index="0">
              <value>
                <![CDATA[Uruguay]]>
              </value>
            </param>
          </params>
          <reporter-output>
          </reporter-output>
        </test-method> <!-- testPesquisaWike -->
        <test-method status="PASS" signature="testPesquisaWike(java.lang.String)[pri:0, instance:Test.WikepediaTest@146ba0ac]" name="testPesquisaWike" duration-ms="1627" started-at="2018-08-29T00:46:47Z" data-provider="dbPaises" finished-at="2018-08-29T00:46:49Z">
          <params>
            <param index="0">
              <value>
                <![CDATA[Sri Lanka]]>
              </value>
            </param>
          </params>
          <reporter-output>
          </reporter-output>
        </test-method> <!-- testPesquisaWike -->
        <test-method status="PASS" signature="testPesquisaWike(java.lang.String)[pri:0, instance:Test.WikepediaTest@146ba0ac]" name="testPesquisaWike" duration-ms="2549" started-at="2018-08-29T00:46:49Z" data-provider="dbPaises" finished-at="2018-08-29T00:46:51Z">
          <params>
            <param index="0">
              <value>
                <![CDATA[England]]>
              </value>
            </param>
          </params>
          <reporter-output>
          </reporter-output>
        </test-method> <!-- testPesquisaWike -->
        <test-method status="PASS" signature="testPesquisaWike(java.lang.String)[pri:0, instance:Test.WikepediaTest@146ba0ac]" name="testPesquisaWike" duration-ms="1406" started-at="2018-08-29T00:46:51Z" data-provider="dbPaises" finished-at="2018-08-29T00:46:52Z">
          <params>
            <param index="0">
              <value>
                <![CDATA[Paraguay]]>
              </value>
            </param>
          </params>
          <reporter-output>
          </reporter-output>
        </test-method> <!-- testPesquisaWike -->
        <test-method status="PASS" signature="testPesquisaWike(java.lang.String)[pri:0, instance:Test.WikepediaTest@146ba0ac]" name="testPesquisaWike" duration-ms="2178" started-at="2018-08-29T00:46:52Z" data-provider="dbPaises" finished-at="2018-08-29T00:46:55Z">
          <params>
            <param index="0">
              <value>
                <![CDATA[United States]]>
              </value>
            </param>
          </params>
          <reporter-output>
          </reporter-output>
        </test-method> <!-- testPesquisaWike -->
        <test-method status="PASS" signature="tearDown()[pri:0, instance:Test.WikepediaTest@146ba0ac]" name="tearDown" is-config="true" duration-ms="1965" started-at="2018-08-29T00:46:55Z" finished-at="2018-08-29T00:46:57Z">
          <reporter-output>
          </reporter-output>
        </test-method> <!-- tearDown -->
      </class> <!-- Test.WikepediaTest -->
    </test> <!-- Default test -->
  </suite> <!-- Default suite -->
</testng-results>
